2020-09-13 13:03:45.743  INFO [user-service,,,] 48556 --- [Test worker] c.c.c.ConfigServicePropertySourceLocator : Fetching config from server at : http://localhost:9012
2020-09-13 13:03:45.933  INFO [user-service,,,] 48556 --- [Test worker] c.c.c.ConfigServicePropertySourceLocator : Connect Timeout Exception on Url - http://localhost:9012. Will be trying the next url if available
2020-09-13 13:03:45.934  WARN [user-service,,,] 48556 --- [Test worker] c.c.c.ConfigServicePropertySourceLocator : Could not locate PropertySource: I/O error on GET request for "http://localhost:9012/user-service/default": Connection refused (Connection refused); nested exception is java.net.ConnectException: Connection refused (Connection refused)
2020-09-13 13:03:45.946  INFO [user-service,,,] 48556 --- [Test worker] c.z.c.a.u.UserServiceApplicationTests    : No active profile set, falling back to default profiles: default
2020-09-13 13:03:47.269  WARN [user-service,,,] 48556 --- [Test worker] o.s.boot.actuate.endpoint.EndpointId     : Endpoint ID 'bus-env' contains invalid characters, please migrate to a valid format.
2020-09-13 13:03:47.539  INFO [user-service,,,] 48556 --- [Test worker] .s.d.r.c.RepositoryConfigurationDelegate : Bootstrapping Spring Data JPA repositories in DEFERRED mode.
2020-09-13 13:03:47.814  INFO [user-service,,,] 48556 --- [Test worker] .s.d.r.c.RepositoryConfigurationDelegate : Finished Spring Data repository scanning in 265ms. Found 1 JPA repository interfaces.
2020-09-13 13:03:47.972  WARN [user-service,,,] 48556 --- [Test worker] o.s.boot.actuate.endpoint.EndpointId     : Endpoint ID 'bus-refresh' contains invalid characters, please migrate to a valid format.
2020-09-13 13:03:48.067  WARN [user-service,,,] 48556 --- [Test worker] o.s.boot.actuate.endpoint.EndpointId     : Endpoint ID 'service-registry' contains invalid characters, please migrate to a valid format.
2020-09-13 13:03:48.219  WARN [user-service,,,] 48556 --- [Test worker] o.s.boot.actuate.endpoint.EndpointId     : Endpoint ID 'hystrix.stream' contains invalid characters, please migrate to a valid format.
2020-09-13 13:03:48.607  INFO [user-service,,,] 48556 --- [Test worker] o.s.cloud.context.scope.GenericScope     : BeanFactory id=4f449d3a-dcd2-313f-9b07-8b031378dec3
2020-09-13 13:03:48.749  INFO [user-service,,,] 48556 --- [Test worker] faultConfiguringBeanFactoryPostProcessor : No bean named 'errorChannel' has been explicitly defined. Therefore, a default PublishSubscribeChannel will be created.
2020-09-13 13:03:48.757  INFO [user-service,,,] 48556 --- [Test worker] faultConfiguringBeanFactoryPostProcessor : No bean named 'taskScheduler' has been explicitly defined. Therefore, a default ThreadPoolTaskScheduler will be created.
2020-09-13 13:03:48.766  INFO [user-service,,,] 48556 --- [Test worker] faultConfiguringBeanFactoryPostProcessor : No bean named 'integrationHeaderChannelRegistry' has been explicitly defined. Therefore, a default DefaultHeaderChannelRegistry will be created.
2020-09-13 13:03:49.386  INFO [user-service,,,] 48556 --- [Test worker] trationDelegate$BeanPostProcessorChecker : Bean 'integrationChannelResolver' of type [org.springframework.integration.support.channel.BeanFactoryChannelResolver] is not eligible for getting processed by all BeanPostProcessors (for example: not eligible for auto-proxying)
2020-09-13 13:03:49.398  INFO [user-service,,,] 48556 --- [Test worker] trationDelegate$BeanPostProcessorChecker : Bean 'integrationDisposableAutoCreatedBeans' of type [org.springframework.integration.config.annotation.Disposables] is not eligible for getting processed by all BeanPostProcessors (for example: not eligible for auto-proxying)
2020-09-13 13:03:49.457  INFO [user-service,,,] 48556 --- [Test worker] trationDelegate$BeanPostProcessorChecker : Bean 'org.springframework.integration.config.IntegrationManagementConfiguration' of type [org.springframework.integration.config.IntegrationManagementConfiguration] is not eligible for getting processed by all BeanPostProcessors (for example: not eligible for auto-proxying)
2020-09-13 13:03:50.161  INFO [user-service,,,] 48556 --- [Test worker] o.s.s.concurrent.ThreadPoolTaskExecutor  : Initializing ExecutorService 'applicationTaskExecutor'
2020-09-13 13:03:50.325  INFO [user-service,,,] 48556 --- [Test worker] o.s.s.c.ThreadPoolTaskScheduler          : Initializing ExecutorService 'taskScheduler'
2020-09-13 13:03:50.377  INFO [user-service,,,] 48556 --- [Test worker] com.zaxxer.hikari.HikariDataSource       : HikariPool-1 - Starting...
2020-09-13 13:03:50.776  INFO [user-service,,,] 48556 --- [Test worker] com.zaxxer.hikari.HikariDataSource       : HikariPool-1 - Start completed.
2020-09-13 13:03:50.871  INFO [user-service,,,] 48556 --- [task-1] o.hibernate.jpa.internal.util.LogHelper  : HHH000204: Processing PersistenceUnitInfo [name: default]
2020-09-13 13:03:50.971  INFO [user-service,,,] 48556 --- [task-1] org.hibernate.Version                    : HHH000412: Hibernate ORM core version 5.4.20.Final
2020-09-13 13:03:51.178  WARN [user-service,,,] 48556 --- [Test worker] JpaBaseConfiguration$JpaWebConfiguration : spring.jpa.open-in-view is enabled by default. Therefore, database queries may be performed during view rendering. Explicitly configure spring.jpa.open-in-view to disable this warning
2020-09-13 13:03:51.259  INFO [user-service,,,] 48556 --- [task-1] o.hibernate.annotations.common.Version   : HCANN000001: Hibernate Commons Annotations {5.1.0.Final}
2020-09-13 13:03:51.474  INFO [user-service,,,] 48556 --- [task-1] org.hibernate.dialect.Dialect            : HHH000400: Using dialect: org.hibernate.dialect.MySQL8Dialect
2020-09-13 13:03:51.698  WARN [user-service,,,] 48556 --- [Test worker] c.n.c.sources.URLConfigurationSource     : No URLs will be polled as dynamic configuration sources.
2020-09-13 13:03:51.698  INFO [user-service,,,] 48556 --- [Test worker] c.n.c.sources.URLConfigurationSource     : To enable URLs as dynamic configuration sources, define System property archaius.configurationSource.additionalUrls or make config.properties available on classpath.
2020-09-13 13:03:51.722  INFO [user-service,,,] 48556 --- [Test worker] c.netflix.config.DynamicPropertyFactory  : DynamicPropertyFactory is initialized with configuration sources: com.netflix.config.ConcurrentCompositeConfiguration@3d32ca9
2020-09-13 13:03:52.419  INFO [user-service,,,] 48556 --- [Test worker] o.s.b.a.h2.H2ConsoleAutoConfiguration    : H2 console available at '/h2-console'. Database available at 'jdbc:mysql://localhost:3306/dzuko?useSSL=false&serverTimezone=UTC'
2020-09-13 13:03:52.702  INFO [user-service,,,] 48556 --- [Test worker] DeferredRepositoryInitializationListener : Triggering deferred initialization of Spring Data repositories…
2020-09-13 13:03:52.858  INFO [user-service,,,] 48556 --- [task-1] o.h.e.t.j.p.i.JtaPlatformInitiator       : HHH000490: Using JtaPlatform implementation: [org.hibernate.engine.transaction.jta.platform.internal.NoJtaPlatform]
2020-09-13 13:03:52.880  INFO [user-service,,,] 48556 --- [task-1] j.LocalContainerEntityManagerFactoryBean : Initialized JPA EntityManagerFactory for persistence unit 'default'
2020-09-13 13:03:53.279  INFO [user-service,,,] 48556 --- [Test worker] DeferredRepositoryInitializationListener : Spring Data repositories initialized!
2020-09-13 13:03:54.473  INFO [user-service,,,] 48556 --- [Test worker] o.s.s.web.DefaultSecurityFilterChain     : Creating filter chain: any request, [org.springframework.security.web.context.request.async.WebAsyncManagerIntegrationFilter@3975855b, org.springframework.security.web.context.SecurityContextPersistenceFilter@70724dd2, org.springframework.security.web.header.HeaderWriterFilter@237efc0b, org.springframework.security.web.authentication.logout.LogoutFilter@1c4ed67, com.zlab.commune.api.user.security.AuthenticationFilter@444b93a9, org.springframework.security.web.savedrequest.RequestCacheAwareFilter@1ea5c605, org.springframework.security.web.servletapi.SecurityContextHolderAwareRequestFilter@46afa1ed, org.springframework.security.web.authentication.AnonymousAuthenticationFilter@a582fb7, org.springframework.security.web.session.SessionManagementFilter@1868873e, org.springframework.security.web.access.ExceptionTranslationFilter@1f446601, org.springframework.security.web.access.intercept.FilterSecurityInterceptor@4cec4f28]
2020-09-13 13:03:54.787  WARN [user-service,,,] 48556 --- [Test worker] c.n.c.sources.URLConfigurationSource     : No URLs will be polled as dynamic configuration sources.
2020-09-13 13:03:54.788  INFO [user-service,,,] 48556 --- [Test worker] c.n.c.sources.URLConfigurationSource     : To enable URLs as dynamic configuration sources, define System property archaius.configurationSource.additionalUrls or make config.properties available on classpath.
2020-09-13 13:03:56.493  WARN [user-service,,,] 48556 --- [Test worker] o.s.c.s.zipkin2.ZipkinAutoConfiguration  : Check result of the [RestTemplateSender{http://localhost:9411/api/v2/spans}] contains an error [CheckResult{ok=false, error=org.springframework.web.client.ResourceAccessException: I/O error on POST request for "http://localhost:9411/api/v2/spans": Connection refused (Connection refused); nested exception is java.net.ConnectException: Connection refused (Connection refused)}]
2020-09-13 13:03:57.299  INFO [user-service,,,] 48556 --- [Test worker] onConfiguration$FunctionBindingRegistrar : Functional binding is disabled due to the presense of @EnableBinding annotation in your configuration
2020-09-13 13:03:58.501  WARN [user-service,,,] 48556 --- [Test worker] ockingLoadBalancerClientRibbonWarnLogger : You already have RibbonLoadBalancerClient on your classpath. It will be used by default. As Spring Cloud Ribbon is in maintenance mode. We recommend switching to BlockingLoadBalancerClient instead. In order to use it, set the value of `spring.cloud.loadbalancer.ribbon.enabled` to `false` or remove spring-cloud-starter-netflix-ribbon from your project.
2020-09-13 13:03:59.174  INFO [user-service,,,] 48556 --- [Test worker] o.s.b.a.e.web.EndpointLinksResolver      : Exposing 1 endpoint(s) beneath base path '/actuator'
2020-09-13 13:03:59.503  INFO [user-service,,,] 48556 --- [Test worker] o.s.c.s.m.DirectWithAttributesChannel    : Channel 'application-1.springCloudBusInput' has 1 subscriber(s).
2020-09-13 13:03:59.534  INFO [user-service,,,] 48556 --- [Test worker] o.s.i.endpoint.EventDrivenConsumer       : Adding {logging-channel-adapter:_org.springframework.integration.errorLogger} as a subscriber to the 'errorChannel' channel
2020-09-13 13:03:59.535  INFO [user-service,,,] 48556 --- [Test worker] o.s.i.channel.PublishSubscribeChannel    : Channel 'application-1.errorChannel' has 1 subscriber(s).
2020-09-13 13:03:59.535  INFO [user-service,,,] 48556 --- [Test worker] o.s.i.endpoint.EventDrivenConsumer       : started bean '_org.springframework.integration.errorLogger'
2020-09-13 13:03:59.540  INFO [user-service,,,] 48556 --- [Test worker] o.s.c.s.binder.DefaultBinderFactory      : Creating binder: rabbit
2020-09-13 13:03:59.616  INFO [user-service,,,] 48556 --- [Test worker] c.c.c.ConfigServicePropertySourceLocator : Fetching config from server at : http://localhost:9012
2020-09-13 13:03:59.623  INFO [user-service,,,] 48556 --- [Test worker] c.c.c.ConfigServicePropertySourceLocator : Connect Timeout Exception on Url - http://localhost:9012. Will be trying the next url if available
2020-09-13 13:03:59.623  WARN [user-service,,,] 48556 --- [Test worker] c.c.c.ConfigServicePropertySourceLocator : Could not locate PropertySource: I/O error on GET request for "http://localhost:9012/user-service/default": Connection refused (Connection refused); nested exception is java.net.ConnectException: Connection refused (Connection refused)
2020-09-13 13:03:59.762  INFO [user-service,,,] 48556 --- [Test worker] DeferredRepositoryInitializationListener : Triggering deferred initialization of Spring Data repositories…
2020-09-13 13:03:59.763  INFO [user-service,,,] 48556 --- [Test worker] DeferredRepositoryInitializationListener : Spring Data repositories initialized!
2020-09-13 13:03:59.813  INFO [user-service,,,] 48556 --- [Test worker] o.s.c.s.binder.DefaultBinderFactory      : Caching the binder: rabbit
2020-09-13 13:03:59.813  INFO [user-service,,,] 48556 --- [Test worker] o.s.c.s.binder.DefaultBinderFactory      : Retrieving cached binder: rabbit
2020-09-13 13:03:59.950  INFO [user-service,,,] 48556 --- [Test worker] o.s.a.r.c.CachingConnectionFactory       : Attempting to connect to: [localhost:5672]
2020-09-13 13:04:00.042  INFO [user-service,,,] 48556 --- [Test worker] o.s.a.r.c.CachingConnectionFactory       : Created new connection: rabbitConnectionFactory#5053f301:0/SimpleConnection@7f8487a5 [delegate=amqp://zubair@127.0.0.1:5672/, localPort= 60238]
2020-09-13 13:04:00.096  INFO [user-service,,,] 48556 --- [Test worker] o.s.c.s.m.DirectWithAttributesChannel    : Channel 'application-1.springCloudBusOutput' has 1 subscriber(s).
2020-09-13 13:04:00.109  INFO [user-service,,,] 48556 --- [Test worker] o.s.c.s.binder.DefaultBinderFactory      : Retrieving cached binder: rabbit
2020-09-13 13:04:00.155  INFO [user-service,,,] 48556 --- [Test worker] c.s.b.r.p.RabbitExchangeQueueProvisioner : declaring queue for inbound: springCloudBus.anonymous.Y0t1fLLESdKsqBqYYu2VAQ, bound to: springCloudBus
2020-09-13 13:04:00.183  INFO [user-service,,,] 48556 --- [Test worker] o.s.c.stream.binder.BinderErrorChannel   : Channel 'springCloudBus.anonymous.Y0t1fLLESdKsqBqYYu2VAQ.errors' has 1 subscriber(s).
2020-09-13 13:04:00.185  INFO [user-service,,,] 48556 --- [Test worker] o.s.c.stream.binder.BinderErrorChannel   : Channel 'springCloudBus.anonymous.Y0t1fLLESdKsqBqYYu2VAQ.errors' has 2 subscriber(s).
2020-09-13 13:04:00.210  INFO [user-service,,,] 48556 --- [Test worker] o.s.i.a.i.AmqpInboundChannelAdapter      : started bean 'inbound.springCloudBus.anonymous.Y0t1fLLESdKsqBqYYu2VAQ'
2020-09-13 13:04:00.215  INFO [user-service,,,] 48556 --- [Test worker] DeferredRepositoryInitializationListener : Triggering deferred initialization of Spring Data repositories…
2020-09-13 13:04:00.216  INFO [user-service,,,] 48556 --- [Test worker] DeferredRepositoryInitializationListener : Spring Data repositories initialized!
2020-09-13 13:04:00.293  INFO [user-service,,,] 48556 --- [Test worker] c.z.c.a.u.UserServiceApplicationTests    : Started UserServiceApplicationTests in 15.675 seconds (JVM running for 17.26)
2020-09-13 13:04:00.451  INFO [user-service,,,] 48556 --- [SpringContextShutdownHook] o.s.c.n.eureka.InstanceInfoFactory       : Setting initial instance status as: STARTING
2020-09-13 13:04:00.458  INFO [user-service,,,] 48556 --- [SpringContextShutdownHook] o.s.c.n.e.s.EurekaServiceRegistry        : Unregistering application USER-SERVICE with eureka with status DOWN
2020-09-13 13:04:00.558  INFO [user-service,,,] 48556 --- [SpringContextShutdownHook] o.s.a.r.l.SimpleMessageListenerContainer : Waiting for workers to finish.
2020-09-13 13:04:01.216  INFO [user-service,,,] 48556 --- [SpringContextShutdownHook] o.s.a.r.l.SimpleMessageListenerContainer : Successfully waited for workers to finish.
2020-09-13 13:04:01.216  INFO [user-service,,,] 48556 --- [SpringContextShutdownHook] o.s.i.a.i.AmqpInboundChannelAdapter      : stopped bean 'inbound.springCloudBus.anonymous.Y0t1fLLESdKsqBqYYu2VAQ'
2020-09-13 13:04:01.261  INFO [user-service,,,] 48556 --- [SpringContextShutdownHook] o.s.c.stream.binder.BinderErrorChannel   : Channel 'application-1.springCloudBus.anonymous.Y0t1fLLESdKsqBqYYu2VAQ.errors' has 1 subscriber(s).
2020-09-13 13:04:01.262  INFO [user-service,,,] 48556 --- [SpringContextShutdownHook] o.s.c.stream.binder.BinderErrorChannel   : Channel 'application-1.springCloudBus.anonymous.Y0t1fLLESdKsqBqYYu2VAQ.errors' has 0 subscriber(s).
2020-09-13 13:04:01.266  INFO [user-service,,,] 48556 --- [SpringContextShutdownHook] o.s.i.endpoint.EventDrivenConsumer       : Removing {logging-channel-adapter:_org.springframework.integration.errorLogger} as a subscriber to the 'errorChannel' channel
2020-09-13 13:04:01.266  INFO [user-service,,,] 48556 --- [SpringContextShutdownHook] o.s.i.channel.PublishSubscribeChannel    : Channel 'application-1.errorChannel' has 0 subscriber(s).
2020-09-13 13:04:01.266  INFO [user-service,,,] 48556 --- [SpringContextShutdownHook] o.s.i.endpoint.EventDrivenConsumer       : stopped bean '_org.springframework.integration.errorLogger'
2020-09-13 13:04:02.299  INFO [user-service,,,] 48556 --- [SpringContextShutdownHook] j.LocalContainerEntityManagerFactoryBean : Closing JPA EntityManagerFactory for persistence unit 'default'
2020-09-13 13:04:02.301  INFO [user-service,,,] 48556 --- [SpringContextShutdownHook] o.s.s.c.ThreadPoolTaskScheduler          : Shutting down ExecutorService 'taskScheduler'
2020-09-13 13:04:02.301  INFO [user-service,,,] 48556 --- [SpringContextShutdownHook] o.s.s.concurrent.ThreadPoolTaskExecutor  : Shutting down ExecutorService 'applicationTaskExecutor'
2020-09-13 13:04:02.302  INFO [user-service,,,] 48556 --- [SpringContextShutdownHook] com.zaxxer.hikari.HikariDataSource       : HikariPool-1 - Shutdown initiated...
2020-09-13 13:04:02.316  INFO [user-service,,,] 48556 --- [SpringContextShutdownHook] com.zaxxer.hikari.HikariDataSource       : HikariPool-1 - Shutdown completed.
