2020-09-13 13:02:59.367  INFO [ad-service,,,] 47993 --- [Test worker] c.c.c.ConfigServicePropertySourceLocator : Fetching config from server at : http://localhost:9012
2020-09-13 13:02:59.575  INFO [ad-service,,,] 47993 --- [Test worker] c.c.c.ConfigServicePropertySourceLocator : Connect Timeout Exception on Url - http://localhost:9012. Will be trying the next url if available
2020-09-13 13:02:59.576  WARN [ad-service,,,] 47993 --- [Test worker] c.c.c.ConfigServicePropertySourceLocator : Could not locate PropertySource: I/O error on GET request for "http://localhost:9012/ad-service/default": Connection refused (Connection refused); nested exception is java.net.ConnectException: Connection refused (Connection refused)
2020-09-13 13:02:59.595  INFO [ad-service,,,] 47993 --- [Test worker] z.c.a.a.CommuneAdServiceApplicationTests : No active profile set, falling back to default profiles: default
2020-09-13 13:03:01.081  WARN [ad-service,,,] 47993 --- [Test worker] o.s.boot.actuate.endpoint.EndpointId     : Endpoint ID 'bus-env' contains invalid characters, please migrate to a valid format.
2020-09-13 13:03:01.416  INFO [ad-service,,,] 47993 --- [Test worker] .s.d.r.c.RepositoryConfigurationDelegate : Bootstrapping Spring Data JPA repositories in DEFERRED mode.
2020-09-13 13:03:01.448  INFO [ad-service,,,] 47993 --- [Test worker] .s.d.r.c.RepositoryConfigurationDelegate : Finished Spring Data repository scanning in 19ms. Found 0 JPA repository interfaces.
2020-09-13 13:03:01.612  WARN [ad-service,,,] 47993 --- [Test worker] o.s.boot.actuate.endpoint.EndpointId     : Endpoint ID 'bus-refresh' contains invalid characters, please migrate to a valid format.
2020-09-13 13:03:01.730  WARN [ad-service,,,] 47993 --- [Test worker] o.s.boot.actuate.endpoint.EndpointId     : Endpoint ID 'service-registry' contains invalid characters, please migrate to a valid format.
2020-09-13 13:03:02.279  INFO [ad-service,,,] 47993 --- [Test worker] o.s.cloud.context.scope.GenericScope     : BeanFactory id=782ee9c9-339a-364a-9dbe-c493360129fc
2020-09-13 13:03:02.428  INFO [ad-service,,,] 47993 --- [Test worker] faultConfiguringBeanFactoryPostProcessor : No bean named 'errorChannel' has been explicitly defined. Therefore, a default PublishSubscribeChannel will be created.
2020-09-13 13:03:02.443  INFO [ad-service,,,] 47993 --- [Test worker] faultConfiguringBeanFactoryPostProcessor : No bean named 'taskScheduler' has been explicitly defined. Therefore, a default ThreadPoolTaskScheduler will be created.
2020-09-13 13:03:02.462  INFO [ad-service,,,] 47993 --- [Test worker] faultConfiguringBeanFactoryPostProcessor : No bean named 'integrationHeaderChannelRegistry' has been explicitly defined. Therefore, a default DefaultHeaderChannelRegistry will be created.
2020-09-13 13:03:03.267  INFO [ad-service,,,] 47993 --- [Test worker] trationDelegate$BeanPostProcessorChecker : Bean 'integrationChannelResolver' of type [org.springframework.integration.support.channel.BeanFactoryChannelResolver] is not eligible for getting processed by all BeanPostProcessors (for example: not eligible for auto-proxying)
2020-09-13 13:03:03.276  INFO [ad-service,,,] 47993 --- [Test worker] trationDelegate$BeanPostProcessorChecker : Bean 'integrationDisposableAutoCreatedBeans' of type [org.springframework.integration.config.annotation.Disposables] is not eligible for getting processed by all BeanPostProcessors (for example: not eligible for auto-proxying)
2020-09-13 13:03:03.352  INFO [ad-service,,,] 47993 --- [Test worker] trationDelegate$BeanPostProcessorChecker : Bean 'org.springframework.integration.config.IntegrationManagementConfiguration' of type [org.springframework.integration.config.IntegrationManagementConfiguration] is not eligible for getting processed by all BeanPostProcessors (for example: not eligible for auto-proxying)
2020-09-13 13:03:04.045  INFO [ad-service,,,] 47993 --- [Test worker] o.s.s.concurrent.ThreadPoolTaskExecutor  : Initializing ExecutorService 'applicationTaskExecutor'
2020-09-13 13:03:04.241  INFO [ad-service,,,] 47993 --- [Test worker] o.s.s.c.ThreadPoolTaskScheduler          : Initializing ExecutorService 'taskScheduler'
2020-09-13 13:03:04.296  INFO [ad-service,,,] 47993 --- [Test worker] com.zaxxer.hikari.HikariDataSource       : HikariPool-1 - Starting...
2020-09-13 13:03:04.620  INFO [ad-service,,,] 47993 --- [Test worker] com.zaxxer.hikari.HikariDataSource       : HikariPool-1 - Start completed.
2020-09-13 13:03:04.752  INFO [ad-service,,,] 47993 --- [task-1] o.hibernate.jpa.internal.util.LogHelper  : HHH000204: Processing PersistenceUnitInfo [name: default]
2020-09-13 13:03:04.843  INFO [ad-service,,,] 47993 --- [task-1] org.hibernate.Version                    : HHH000412: Hibernate ORM core version 5.4.20.Final
2020-09-13 13:03:05.114  INFO [ad-service,,,] 47993 --- [task-1] o.hibernate.annotations.common.Version   : HCANN000001: Hibernate Commons Annotations {5.1.0.Final}
2020-09-13 13:03:05.370  INFO [ad-service,,,] 47993 --- [task-1] org.hibernate.dialect.Dialect            : HHH000400: Using dialect: org.hibernate.dialect.H2Dialect
2020-09-13 13:03:05.939  INFO [ad-service,,,] 47993 --- [task-1] o.h.e.t.j.p.i.JtaPlatformInitiator       : HHH000490: Using JtaPlatform implementation: [org.hibernate.engine.transaction.jta.platform.internal.NoJtaPlatform]
2020-09-13 13:03:05.953  INFO [ad-service,,,] 47993 --- [task-1] j.LocalContainerEntityManagerFactoryBean : Initialized JPA EntityManagerFactory for persistence unit 'default'
2020-09-13 13:03:06.928  WARN [ad-service,,,] 47993 --- [Test worker] c.n.c.sources.URLConfigurationSource     : No URLs will be polled as dynamic configuration sources.
2020-09-13 13:03:06.928  INFO [ad-service,,,] 47993 --- [Test worker] c.n.c.sources.URLConfigurationSource     : To enable URLs as dynamic configuration sources, define System property archaius.configurationSource.additionalUrls or make config.properties available on classpath.
2020-09-13 13:03:06.945  WARN [ad-service,,,] 47993 --- [Test worker] c.n.c.sources.URLConfigurationSource     : No URLs will be polled as dynamic configuration sources.
2020-09-13 13:03:06.945  INFO [ad-service,,,] 47993 --- [Test worker] c.n.c.sources.URLConfigurationSource     : To enable URLs as dynamic configuration sources, define System property archaius.configurationSource.additionalUrls or make config.properties available on classpath.
2020-09-13 13:03:07.152  WARN [ad-service,,,] 47993 --- [Test worker] JpaBaseConfiguration$JpaWebConfiguration : spring.jpa.open-in-view is enabled by default. Therefore, database queries may be performed during view rendering. Explicitly configure spring.jpa.open-in-view to disable this warning
2020-09-13 13:03:07.913  INFO [ad-service,,,] 47993 --- [Test worker] o.s.b.a.h2.H2ConsoleAutoConfiguration    : H2 console available at '/h2-console'. Database available at 'jdbc:h2:mem:d7598b2e-087b-46fb-894c-c9faa9924518'
2020-09-13 13:03:08.355  WARN [ad-service,,,] 47993 --- [Test worker] ion$DefaultTemplateResolverConfiguration : Cannot find template location: classpath:/templates/ (please add some templates or check your Thymeleaf configuration)
2020-09-13 13:03:09.458  WARN [ad-service,,,] 47993 --- [Test worker] o.s.c.s.zipkin2.ZipkinAutoConfiguration  : Check result of the [RestTemplateSender{http://localhost:9411/api/v2/spans}] contains an error [CheckResult{ok=false, error=org.springframework.web.client.ResourceAccessException: I/O error on POST request for "http://localhost:9411/api/v2/spans": Connection refused (Connection refused); nested exception is java.net.ConnectException: Connection refused (Connection refused)}]
2020-09-13 13:03:10.490  INFO [ad-service,,,] 47993 --- [Test worker] onConfiguration$FunctionBindingRegistrar : Functional binding is disabled due to the presense of @EnableBinding annotation in your configuration
2020-09-13 13:03:11.717  INFO [ad-service,,,] 47993 --- [Test worker] DiscoveryClientOptionalArgsConfiguration : Eureka HTTP Client uses Jersey
2020-09-13 13:03:11.910  WARN [ad-service,,,] 47993 --- [Test worker] ockingLoadBalancerClientRibbonWarnLogger : You already have RibbonLoadBalancerClient on your classpath. It will be used by default. As Spring Cloud Ribbon is in maintenance mode. We recommend switching to BlockingLoadBalancerClient instead. In order to use it, set the value of `spring.cloud.loadbalancer.ribbon.enabled` to `false` or remove spring-cloud-starter-netflix-ribbon from your project.
2020-09-13 13:03:12.590  INFO [ad-service,,,] 47993 --- [Test worker] o.s.b.a.e.web.EndpointLinksResolver      : Exposing 1 endpoint(s) beneath base path '/actuator'
2020-09-13 13:03:12.992  INFO [ad-service,,,] 47993 --- [Test worker] o.s.c.s.m.DirectWithAttributesChannel    : Channel 'application-1.springCloudBusInput' has 1 subscriber(s).
2020-09-13 13:03:13.025  INFO [ad-service,,,] 47993 --- [Test worker] o.s.i.endpoint.EventDrivenConsumer       : Adding {logging-channel-adapter:_org.springframework.integration.errorLogger} as a subscriber to the 'errorChannel' channel
2020-09-13 13:03:13.025  INFO [ad-service,,,] 47993 --- [Test worker] o.s.i.channel.PublishSubscribeChannel    : Channel 'application-1.errorChannel' has 1 subscriber(s).
2020-09-13 13:03:13.026  INFO [ad-service,,,] 47993 --- [Test worker] o.s.i.endpoint.EventDrivenConsumer       : started bean '_org.springframework.integration.errorLogger'
2020-09-13 13:03:13.028  INFO [ad-service,,,] 47993 --- [Test worker] o.s.c.s.binder.DefaultBinderFactory      : Creating binder: rabbit
2020-09-13 13:03:13.132  INFO [ad-service,,,] 47993 --- [Test worker] c.c.c.ConfigServicePropertySourceLocator : Fetching config from server at : http://localhost:9012
2020-09-13 13:03:13.145  INFO [ad-service,,,] 47993 --- [Test worker] c.c.c.ConfigServicePropertySourceLocator : Connect Timeout Exception on Url - http://localhost:9012. Will be trying the next url if available
2020-09-13 13:03:13.145  WARN [ad-service,,,] 47993 --- [Test worker] c.c.c.ConfigServicePropertySourceLocator : Could not locate PropertySource: I/O error on GET request for "http://localhost:9012/ad-service/default": Connection refused (Connection refused); nested exception is java.net.ConnectException: Connection refused (Connection refused)
2020-09-13 13:03:13.271  INFO [ad-service,,,] 47993 --- [Test worker] DeferredRepositoryInitializationListener : Triggering deferred initialization of Spring Data repositories…
2020-09-13 13:03:13.272  INFO [ad-service,,,] 47993 --- [Test worker] DeferredRepositoryInitializationListener : Spring Data repositories initialized!
2020-09-13 13:03:13.357  INFO [ad-service,,,] 47993 --- [Test worker] o.s.c.s.binder.DefaultBinderFactory      : Caching the binder: rabbit
2020-09-13 13:03:13.357  INFO [ad-service,,,] 47993 --- [Test worker] o.s.c.s.binder.DefaultBinderFactory      : Retrieving cached binder: rabbit
2020-09-13 13:03:13.544  INFO [ad-service,,,] 47993 --- [Test worker] o.s.a.r.c.CachingConnectionFactory       : Attempting to connect to: [localhost:5672]
2020-09-13 13:03:13.977  INFO [ad-service,,,] 47993 --- [Test worker] o.s.a.r.c.CachingConnectionFactory       : Created new connection: rabbitConnectionFactory#587cd8db:0/SimpleConnection@449fc667 [delegate=amqp://zubair@127.0.0.1:5672/, localPort= 60208]
2020-09-13 13:03:14.033  INFO [ad-service,,,] 47993 --- [Test worker] o.s.c.s.m.DirectWithAttributesChannel    : Channel 'application-1.springCloudBusOutput' has 1 subscriber(s).
2020-09-13 13:03:14.048  INFO [ad-service,,,] 47993 --- [Test worker] o.s.c.s.binder.DefaultBinderFactory      : Retrieving cached binder: rabbit
2020-09-13 13:03:14.098  INFO [ad-service,,,] 47993 --- [Test worker] c.s.b.r.p.RabbitExchangeQueueProvisioner : declaring queue for inbound: springCloudBus.anonymous.g1_iFK_RRkaKRXyGx9-eVw, bound to: springCloudBus
2020-09-13 13:03:14.191  INFO [ad-service,,,] 47993 --- [Test worker] o.s.c.stream.binder.BinderErrorChannel   : Channel 'springCloudBus.anonymous.g1_iFK_RRkaKRXyGx9-eVw.errors' has 1 subscriber(s).
2020-09-13 13:03:14.192  INFO [ad-service,,,] 47993 --- [Test worker] o.s.c.stream.binder.BinderErrorChannel   : Channel 'springCloudBus.anonymous.g1_iFK_RRkaKRXyGx9-eVw.errors' has 2 subscriber(s).
2020-09-13 13:03:14.223  INFO [ad-service,,,] 47993 --- [Test worker] o.s.i.a.i.AmqpInboundChannelAdapter      : started bean 'inbound.springCloudBus.anonymous.g1_iFK_RRkaKRXyGx9-eVw'
2020-09-13 13:03:14.226  INFO [ad-service,,,] 47993 --- [Test worker] DeferredRepositoryInitializationListener : Triggering deferred initialization of Spring Data repositories…
2020-09-13 13:03:14.227  INFO [ad-service,,,] 47993 --- [Test worker] DeferredRepositoryInitializationListener : Spring Data repositories initialized!
2020-09-13 13:03:14.310  INFO [ad-service,,,] 47993 --- [Test worker] z.c.a.a.CommuneAdServiceApplicationTests : Started CommuneAdServiceApplicationTests in 16.752 seconds (JVM running for 18.999)
2020-09-13 13:03:14.479  INFO [ad-service,,,] 47993 --- [SpringContextShutdownHook] o.s.c.n.eureka.InstanceInfoFactory       : Setting initial instance status as: STARTING
2020-09-13 13:03:14.489  INFO [ad-service,,,] 47993 --- [SpringContextShutdownHook] o.s.c.n.e.s.EurekaServiceRegistry        : Unregistering application AD-SERVICE with eureka with status DOWN
2020-09-13 13:03:14.588  INFO [ad-service,,,] 47993 --- [SpringContextShutdownHook] o.s.a.r.l.SimpleMessageListenerContainer : Waiting for workers to finish.
2020-09-13 13:03:15.240  INFO [ad-service,,,] 47993 --- [SpringContextShutdownHook] o.s.a.r.l.SimpleMessageListenerContainer : Successfully waited for workers to finish.
2020-09-13 13:03:15.240  INFO [ad-service,,,] 47993 --- [SpringContextShutdownHook] o.s.i.a.i.AmqpInboundChannelAdapter      : stopped bean 'inbound.springCloudBus.anonymous.g1_iFK_RRkaKRXyGx9-eVw'
2020-09-13 13:03:15.281  INFO [ad-service,,,] 47993 --- [SpringContextShutdownHook] o.s.c.stream.binder.BinderErrorChannel   : Channel 'application-1.springCloudBus.anonymous.g1_iFK_RRkaKRXyGx9-eVw.errors' has 1 subscriber(s).
2020-09-13 13:03:15.283  INFO [ad-service,,,] 47993 --- [SpringContextShutdownHook] o.s.c.stream.binder.BinderErrorChannel   : Channel 'application-1.springCloudBus.anonymous.g1_iFK_RRkaKRXyGx9-eVw.errors' has 0 subscriber(s).
2020-09-13 13:03:15.291  INFO [ad-service,,,] 47993 --- [SpringContextShutdownHook] o.s.i.endpoint.EventDrivenConsumer       : Removing {logging-channel-adapter:_org.springframework.integration.errorLogger} as a subscriber to the 'errorChannel' channel
2020-09-13 13:03:15.292  INFO [ad-service,,,] 47993 --- [SpringContextShutdownHook] o.s.i.channel.PublishSubscribeChannel    : Channel 'application-1.errorChannel' has 0 subscriber(s).
2020-09-13 13:03:15.292  INFO [ad-service,,,] 47993 --- [SpringContextShutdownHook] o.s.i.endpoint.EventDrivenConsumer       : stopped bean '_org.springframework.integration.errorLogger'
2020-09-13 13:03:16.318  INFO [ad-service,,,] 47993 --- [SpringContextShutdownHook] j.LocalContainerEntityManagerFactoryBean : Closing JPA EntityManagerFactory for persistence unit 'default'
2020-09-13 13:03:16.319  INFO [ad-service,,,] 47993 --- [SpringContextShutdownHook] .SchemaDropperImpl$DelayedDropActionImpl : HHH000477: Starting delayed evictData of schema as part of SessionFactory shut-down'
2020-09-13 13:03:16.321  INFO [ad-service,,,] 47993 --- [SpringContextShutdownHook] o.s.s.c.ThreadPoolTaskScheduler          : Shutting down ExecutorService 'taskScheduler'
2020-09-13 13:03:16.321  INFO [ad-service,,,] 47993 --- [SpringContextShutdownHook] o.s.s.concurrent.ThreadPoolTaskExecutor  : Shutting down ExecutorService 'applicationTaskExecutor'
2020-09-13 13:03:16.322  INFO [ad-service,,,] 47993 --- [SpringContextShutdownHook] com.zaxxer.hikari.HikariDataSource       : HikariPool-1 - Shutdown initiated...
2020-09-13 13:03:16.324  INFO [ad-service,,,] 47993 --- [SpringContextShutdownHook] com.zaxxer.hikari.HikariDataSource       : HikariPool-1 - Shutdown completed.
